<?xml version="1.0" encoding="UTF-8"?>
<!-- Generated by org.testng.reporters.JUnitXMLReporter -->
<testsuite ignored="0" hostname="Rijwan" failures="1" tests="8" name="Test" time="218.261" errors="0" timestamp="2025-04-24T21:14:40 IST">
  <testcase classname="Maven1.Project1.TestCase4_Registration" name="register" time="9.769"/>
  <testcase classname="Maven1.Project1.TestCase14_rating" name="reachcart" time="7.314"/>
  <testcase classname="Maven1.Project1.TestCase5_ProfileUpdate" name="login" time="25.555"/>
  <testcase classname="Maven1.Project1.TestCase15_ReachCartWithoutLogin" name="reachcart" time="23.825"/>
  <testcase classname="Maven1.Project1.TestCase1_Login" name="login" time="10.13"/>
  <testcase classname="Maven1.Project1.TestCase6_SearchwithFilters" name="searchwithfilters" time="34.214">
    <failure type="java.lang.NullPointerException" message="Cannot invoke &amp;quot;org.openqa.selenium.JavascriptExecutor.executeScript(String, Object[])&amp;quot; because &amp;quot;this.js&amp;quot; is null">
      <![CDATA[java.lang.NullPointerException: Cannot invoke "org.openqa.selenium.JavascriptExecutor.executeScript(String, Object[])" because "this.js" is null
at Maven1.Project1.HomePage.priceslider(HomePage.java:82)
at Maven1.Project1.TestCase6_SearchwithFilters.searchwithfilters(TestCase6_SearchwithFilters.java:14)
at java.base/java.util.ArrayList.forEach(ArrayList.java:1597)
... Removed 25 stack frames]]>
    </failure>
  </testcase> <!-- searchwithfilters -->
  <testcase classname="Maven1.Project1.TestCase2_LoginandSearch" name="login" time="15.184"/>
  <testcase classname="Maven1.Project1.TestCase3_addtocart" name="login" time="16.233"/>
</testsuite> <!-- Test -->
