<?xml version="1.0" encoding="UTF-8"?>
<!-- Generated by org.testng.reporters.JUnitReportReporter -->
<testsuite hostname="Rijwan" failures="0" tests="2" name="Maven1.Project1.TestCase12_PaymentMethods" time="35.042" errors="1" timestamp="2025-05-08T00:45:38 IST" skipped="1">
  <testcase classname="Maven1.Project1.TestCase12_PaymentMethods" name="validatePaymentMethodSelection" time="17.680">
    <error message="Cannot invoke &quot;org.openqa.selenium.support.ui.WebDriverWait.until(java.util.function.Function)&quot; because &quot;this.wait&quot; is null" type="java.lang.NullPointerException">
      <![CDATA[java.lang.NullPointerException: Cannot invoke "org.openqa.selenium.support.ui.WebDriverWait.until(java.util.function.Function)" because "this.wait" is null
at Maven1.Project1.HomePage.clickProduct(HomePage.java:88)
at Maven1.Project1.TestCase12_PaymentMethods.validatePaymentMethodSelection(TestCase12_PaymentMethods.java:33)
at java.base/jdk.internal.reflect.DirectMethodHandleAccessor.invoke(DirectMethodHandleAccessor.java:103)
at java.base/java.lang.reflect.Method.invoke(Method.java:580)
at org.testng.internal.invokers.MethodInvocationHelper.invokeMethod(MethodInvocationHelper.java:141)
at org.testng.internal.invokers.TestInvoker.invokeMethod(TestInvoker.java:687)
at org.testng.internal.invokers.TestInvoker.retryFailed(TestInvoker.java:269)
at org.testng.internal.invokers.MethodRunner.runInSequence(MethodRunner.java:76)
at org.testng.internal.invokers.TestInvoker$MethodInvocationAgent.invoke(TestInvoker.java:995)
at org.testng.internal.invokers.TestInvoker.invokeTestMethods(TestInvoker.java:203)
at org.testng.internal.invokers.TestMethodWorker.invokeTestMethods(TestMethodWorker.java:154)
at org.testng.internal.invokers.TestMethodWorker.run(TestMethodWorker.java:134)
at java.base/java.util.ArrayList.forEach(ArrayList.java:1596)
at org.testng.TestRunner.privateRun(TestRunner.java:741)
at org.testng.TestRunner.run(TestRunner.java:616)
at org.testng.SuiteRunner.runTest(SuiteRunner.java:421)
at org.testng.SuiteRunner.runSequentially(SuiteRunner.java:413)
at org.testng.SuiteRunner.privateRun(SuiteRunner.java:373)
at org.testng.SuiteRunner.run(SuiteRunner.java:312)
at org.testng.SuiteRunnerWorker.runSuite(SuiteRunnerWorker.java:52)
at org.testng.SuiteRunnerWorker.run(SuiteRunnerWorker.java:95)
at org.testng.TestNG.runSuitesSequentially(TestNG.java:1274)
at org.testng.TestNG.runSuitesLocally(TestNG.java:1208)
at org.testng.TestNG.runSuites(TestNG.java:1112)
at org.testng.TestNG.run(TestNG.java:1079)
at org.testng.remote.AbstractRemoteTestNG.run(AbstractRemoteTestNG.java:115)
at org.testng.remote.RemoteTestNG.initAndRun(RemoteTestNG.java:293)
at org.testng.remote.RemoteTestNG.main(RemoteTestNG.java:91)
]]>
    </error>
    <system-out>
      <![CDATA[Test Started: validatePaymentMethodSelection
TestCase is Failed]]>
    </system-out>
  </testcase> <!-- validatePaymentMethodSelection -->
  <testcase classname="Maven1.Project1.TestCase12_PaymentMethods" name="validatePaymentMethodSelection" time="17.362">
    <skipped/>
    <system-out>
      <![CDATA[Test Started: validatePaymentMethodSelection]]>
    </system-out>
  </testcase> <!-- validatePaymentMethodSelection -->
  <system-out>
    <![CDATA[Test Started: rating
Test Started: rating
TestCase is Failed
Test Started: register
TestCase is Passed
Test Started: validatePaymentMethodSelection
Test Started: validatePaymentMethodSelection
TestCase is Failed
Test Started: reachcartwithoutlogin
TestCase is Passed
Test Started: addProductToCart
Test Started: addProductToCart
TestCase is Failed
Test Started: searchwithfilters
Test Started: searchwithfilters
TestCase is Failed
Test Started: failedLogin
Test Started: failedLogin
TestCase is Failed
Test Started: sortProductsByRelevancePriceRating
Test Started: sortProductsByRelevancePriceRating
TestCase is Failed
Test Started: verifyProductDetails
TestCase is Failed
Test Started: validateCompleteCheckoutProcess
TestCase is Failed
Test Started: updateAndRemoveItemsFromCart
Test Started: updateAndRemoveItemsFromCart
TestCase is Failed
Test Started: validateCouponCodeApplication
Test Started: validateCouponCodeApplication
TestCase is Failed
Test Started: profileupdate
TestCase is Passed
Test Started: loginandsearch
TestCase is Passed
Test Started: login
TestCase is Passed]]>
  </system-out>
</testsuite> <!-- Maven1.Project1.TestCase12_PaymentMethods -->
